[2023-06-04 18:02:00] - [INFO] - [main] --> Execution started..
[2023-06-04 18:02:25] - [INFO] - [plot_word_frequency] --> Word frequency plotted successfully.
[2023-06-04 18:02:25] - [INFO] - [plot_category_distribution] --> Category distribution plotted successfully.
[2023-06-04 18:11:13] - [INFO] - [plot_skills_distribution] --> Skills distribution plotted successfully.
[2023-06-04 18:11:14] - [INFO] - [plot_most_used_category_words] --> Most used category words plotted successfully.
[2023-06-04 18:11:14] - [INFO] - [plot_displacy_entities] --> Displacy entities plotted successfully.
[2023-06-04 18:11:16] - [INFO] - [plot_displacy_dependency] --> Displacy dependency plotted successfully.
[2023-06-04 18:43:08] - [INFO] - [_find_optimal_values] --> Random Forest Classifier: {'criterion': 'gini', 'max_depth': 11, 'max_features': 'auto', 'n_estimators': 500}
[2023-06-04 22:49:07] - [INFO] - [_find_optimal_values] --> XGBoost Classifier: {'colsample_bytree': 1.0, 'learning_rate': 0.1, 'max_depth': 9, 'n_estimators': 500, 'subsample': 0.7}
[2023-06-04 22:49:08] - [INFO] - [_evaluate_model] --> Training Score: 0.97
[2023-06-04 22:49:08] - [INFO] - [_evaluate_model] --> Test Score: 0.60
[2023-06-04 22:49:08] - [INFO] - [_evaluate_model] --> model report: RandomForestClassifier(max_depth=11, max_features='auto', n_estimators=500,
                       random_state=42): 
               precision    recall  f1-score   support

           0       0.46      0.77      0.58        22
           1       0.76      0.52      0.62        25
           2       1.00      0.14      0.25        14
           3       0.88      0.26      0.40        27
           4       0.00      0.00      0.00        30
           5       0.00      0.00      0.00         7
           6       0.78      0.91      0.84        23
           7       0.75      0.54      0.63        28
           8       0.00      0.00      0.00         1
           9       0.45      0.62      0.53        24
          10       0.62      0.89      0.73        18
          11       0.75      0.90      0.82        20
          12       0.67      0.29      0.40        14
          13       0.63      0.67      0.65        18
          14       0.69      0.60      0.64        15
          15       0.62      0.75      0.68        20
          16       0.60      0.65      0.63        23
          17       0.76      0.57      0.65        23
          18       0.40      0.52      0.45        23
          19       0.64      0.92      0.75        25
          20       0.66      0.88      0.75        24
          21       0.67      0.76      0.71        29
          22       0.50      0.41      0.45        29
          23       0.32      0.93      0.47        15

    accuracy                           0.60       497
   macro avg       0.57      0.56      0.53       497
weighted avg       0.60      0.60      0.56       497


[2023-06-04 22:49:08] - [INFO] - [_evaluate_model] --> Trained model saved successfully.
[2023-06-04 22:49:08] - [INFO] - [_evaluate_model] --> Training Score: 1.00
[2023-06-04 22:49:08] - [INFO] - [_evaluate_model] --> Test Score: 0.68
[2023-06-04 22:49:08] - [INFO] - [_evaluate_model] --> model report: XGBClassifier(base_score=None, booster=None, callbacks=None,
              colsample_bylevel=None, colsample_bynode=None,
              colsample_bytree=1.0, early_stopping_rounds=None,
              enable_categorical=False, eval_metric=None, feature_types=None,
              gamma=None, gpu_id=None, grow_policy=None, importance_type=None,
              interaction_constraints=None, learning_rate=0.1, max_bin=None,
              max_cat_threshold=None, max_cat_to_onehot=None,
              max_delta_step=None, max_depth=9, max_leaves=None,
              min_child_weight=None, missing=nan, monotone_constraints=None,
              n_estimators=500, n_jobs=None, num_parallel_tree=None,
              objective='multi:softprob', predictor=None, ...): 
               precision    recall  f1-score   support

           0       0.65      0.77      0.71        22
           1       0.75      0.84      0.79        25
           2       1.00      0.36      0.53        14
           3       0.62      0.59      0.60        27
           4       0.54      0.23      0.33        30
           5       0.00      0.00      0.00         7
           6       0.88      0.96      0.92        23
           7       0.85      0.61      0.71        28
           8       1.00      1.00      1.00         1
           9       0.54      0.54      0.54        24
          10       0.75      0.83      0.79        18
          11       0.71      0.75      0.73        20
          12       0.37      0.50      0.42        14
          13       0.83      0.83      0.83        18
          14       0.69      0.73      0.71        15
          15       0.75      0.90      0.82        20
          16       0.58      0.78      0.67        23
          17       0.71      0.52      0.60        23
          18       0.67      0.70      0.68        23
          19       0.62      0.80      0.70        25
          20       0.85      0.71      0.77        24
          21       0.76      0.86      0.81        29
          22       0.61      0.48      0.54        29
          23       0.47      0.93      0.62        15

    accuracy                           0.68       497
   macro avg       0.67      0.68      0.66       497
weighted avg       0.68      0.68      0.66       497


[2023-06-04 22:49:08] - [INFO] - [_evaluate_model] --> Trained model saved successfully.
